#-----------------------------------------------------------
# Vivado v2018.3 (64-bit)
# SW Build 2405991 on Thu Dec  6 23:38:27 MST 2018
# IP Build 2404404 on Fri Dec  7 01:43:56 MST 2018
# Start of session at: Mon Sep 16 13:59:45 2024
# Process ID: 10152
# Current directory: C:/Users/Administrator/project_11
# Command line: vivado.exe -gui_launcher_event rodinguilauncherevent11496 C:\Users\Administrator\project_11\project_11.xpr
# Log file: C:/Users/Administrator/project_11/vivado.log
# Journal file: C:/Users/Administrator/project_11\vivado.jou
#-----------------------------------------------------------
start_gui
open_project C:/Users/Administrator/project_11/project_11.xpr
Scanning sources...
Finished scanning sources
INFO: [IP_Flow 19-234] Refreshing IP repositories
INFO: [IP_Flow 19-1704] No user IP repositories specified
INFO: [IP_Flow 19-2313] Loaded Vivado IP repository 'D:/Xilinks/Vivado/2018.3/data/ip'.
open_project: Time (s): cpu = 00:00:05 ; elapsed = 00:00:08 . Memory (MB): peak = 778.352 ; gain = 167.418
update_compile_order -fileset sources_1
exit
INFO: [Common 17-206] Exiting Vivado at Mon Sep 16 14:07:26 2024...
